<?xml version="1.0" encoding="UTF-8"?>
<testsuite name="com.project.Judge_It.JudgeItApplicationTests" tests="1" skipped="0" failures="0" errors="0" timestamp="2024-01-06T02:55:19" hostname="LIVIERIS_BEAST" time="0.165">
  <properties/>
  <testcase name="contextLoads()" classname="com.project.Judge_It.JudgeItApplicationTests" time="0.165"/>
  <system-out><![CDATA[20:55:15.144 [Test worker] DEBUG org.springframework.test.context.BootstrapUtils - Instantiating CacheAwareContextLoaderDelegate from class [org.springframework.test.context.cache.DefaultCacheAwareContextLoaderDelegate]
20:55:15.154 [Test worker] DEBUG org.springframework.test.context.BootstrapUtils - Instantiating BootstrapContext using constructor [public org.springframework.test.context.support.DefaultBootstrapContext(java.lang.Class,org.springframework.test.context.CacheAwareContextLoaderDelegate)]
20:55:15.183 [Test worker] DEBUG org.springframework.test.context.BootstrapUtils - Instantiating TestContextBootstrapper for test class [com.project.Judge_It.JudgeItApplicationTests] from class [org.springframework.boot.test.context.SpringBootTestContextBootstrapper]
20:55:15.192 [Test worker] INFO org.springframework.boot.test.context.SpringBootTestContextBootstrapper - Neither @ContextConfiguration nor @ContextHierarchy found for test class [com.project.Judge_It.JudgeItApplicationTests], using SpringBootContextLoader
20:55:15.195 [Test worker] DEBUG org.springframework.test.context.support.AbstractContextLoader - Did not detect default resource location for test class [com.project.Judge_It.JudgeItApplicationTests]: class path resource [com/project/Judge_It/JudgeItApplicationTests-context.xml] does not exist
20:55:15.195 [Test worker] DEBUG org.springframework.test.context.support.AbstractContextLoader - Did not detect default resource location for test class [com.project.Judge_It.JudgeItApplicationTests]: class path resource [com/project/Judge_It/JudgeItApplicationTestsContext.groovy] does not exist
20:55:15.195 [Test worker] INFO org.springframework.test.context.support.AbstractContextLoader - Could not detect default resource locations for test class [com.project.Judge_It.JudgeItApplicationTests]: no resource found for suffixes {-context.xml, Context.groovy}.
20:55:15.196 [Test worker] INFO org.springframework.test.context.support.AnnotationConfigContextLoaderUtils - Could not detect default configuration classes for test class [com.project.Judge_It.JudgeItApplicationTests]: JudgeItApplicationTests does not declare any static, non-private, non-final, nested classes annotated with @Configuration.
20:55:15.235 [Test worker] DEBUG org.springframework.test.context.support.ActiveProfilesUtils - Could not find an 'annotation declaring class' for annotation type [org.springframework.test.context.ActiveProfiles] and class [com.project.Judge_It.JudgeItApplicationTests]
20:55:15.285 [Test worker] DEBUG org.springframework.context.annotation.ClassPathScanningCandidateComponentProvider - Identified candidate component class: file [C:\Users\rolle\Documents\Judge_It\build\classes\java\main\com\project\Judge_It\JudgeItApplication.class]
20:55:15.292 [Test worker] INFO org.springframework.boot.test.context.SpringBootTestContextBootstrapper - Found @SpringBootConfiguration com.project.Judge_It.JudgeItApplication for test class com.project.Judge_It.JudgeItApplicationTests
20:55:15.386 [Test worker] DEBUG org.springframework.boot.test.context.SpringBootTestContextBootstrapper - @TestExecutionListeners is not present for class [com.project.Judge_It.JudgeItApplicationTests]: using defaults.
20:55:15.386 [Test worker] INFO org.springframework.boot.test.context.SpringBootTestContextBootstrapper - Loaded default TestExecutionListener class names from location [META-INF/spring.factories]: [org.springframework.security.test.context.support.WithSecurityContextTestExecutionListener, org.springframework.security.test.context.support.ReactorContextTestExecutionListener, org.springframework.boot.test.autoconfigure.restdocs.RestDocsTestExecutionListener, org.springframework.boot.test.autoconfigure.web.client.MockRestServiceServerResetTestExecutionListener, org.springframework.boot.test.autoconfigure.web.servlet.MockMvcPrintOnlyOnFailureTestExecutionListener, org.springframework.boot.test.autoconfigure.web.servlet.WebDriverTestExecutionListener, org.springframework.boot.test.autoconfigure.webservices.client.MockWebServiceServerTestExecutionListener, org.springframework.boot.test.mock.mockito.MockitoTestExecutionListener, org.springframework.boot.test.mock.mockito.ResetMocksTestExecutionListener, org.springframework.test.context.web.ServletTestExecutionListener, org.springframework.test.context.support.DirtiesContextBeforeModesTestExecutionListener, org.springframework.test.context.event.ApplicationEventsTestExecutionListener, org.springframework.test.context.support.DependencyInjectionTestExecutionListener, org.springframework.test.context.support.DirtiesContextTestExecutionListener, org.springframework.test.context.transaction.TransactionalTestExecutionListener, org.springframework.test.context.jdbc.SqlScriptsTestExecutionListener, org.springframework.test.context.event.EventPublishingTestExecutionListener]
20:55:15.405 [Test worker] INFO org.springframework.boot.test.context.SpringBootTestContextBootstrapper - Using TestExecutionListeners: [org.springframework.test.context.web.ServletTestExecutionListener@1ca25c47, org.springframework.test.context.support.DirtiesContextBeforeModesTestExecutionListener@5fcacc0, org.springframework.test.context.event.ApplicationEventsTestExecutionListener@533b266e, org.springframework.boot.test.mock.mockito.MockitoTestExecutionListener@6d1d4d7, org.springframework.boot.test.autoconfigure.SpringBootDependencyInjectionTestExecutionListener@89ff02e, org.springframework.test.context.support.DirtiesContextTestExecutionListener@6865c751, org.springframework.test.context.transaction.TransactionalTestExecutionListener@62679465, org.springframework.test.context.jdbc.SqlScriptsTestExecutionListener@6a988392, org.springframework.security.test.context.support.WithSecurityContextTestExecutionListener@1d71006f, org.springframework.test.context.event.EventPublishingTestExecutionListener@5b6813df, org.springframework.security.test.context.support.ReactorContextTestExecutionListener@5f2606b, org.springframework.boot.test.autoconfigure.restdocs.RestDocsTestExecutionListener@2b58f754, org.springframework.boot.test.autoconfigure.web.client.MockRestServiceServerResetTestExecutionListener@3ebff828, org.springframework.boot.test.autoconfigure.web.servlet.MockMvcPrintOnlyOnFailureTestExecutionListener@2552f2cb, org.springframework.boot.test.autoconfigure.web.servlet.WebDriverTestExecutionListener@33352f32, org.springframework.boot.test.autoconfigure.webservices.client.MockWebServiceServerTestExecutionListener@5f3b9c57, org.springframework.boot.test.mock.mockito.ResetMocksTestExecutionListener@1e044120]
20:55:15.409 [Test worker] DEBUG org.springframework.test.context.support.AbstractDirtiesContextTestExecutionListener - Before test class: context [DefaultTestContext@65e61854 testClass = JudgeItApplicationTests, testInstance = [null], testMethod = [null], testException = [null], mergedContextConfiguration = [WebMergedContextConfiguration@1568159 testClass = JudgeItApplicationTests, locations = '{}', classes = '{class com.project.Judge_It.JudgeItApplication}', contextInitializerClasses = '[]', activeProfiles = '{}', propertySourceLocations = '{}', propertySourceProperties = '{org.springframework.boot.test.context.SpringBootTestContextBootstrapper=true}', contextCustomizers = set[org.springframework.boot.test.autoconfigure.actuate.metrics.MetricsExportContextCustomizerFactory$DisableMetricExportContextCustomizer@6e950bcf, org.springframework.boot.test.autoconfigure.properties.PropertyMappingContextCustomizer@0, org.springframework.boot.test.autoconfigure.web.servlet.WebDriverContextCustomizerFactory$Customizer@4982cc36, org.springframework.boot.test.context.filter.ExcludeFilterContextCustomizer@71529963, org.springframework.boot.test.json.DuplicateJsonObjectContextCustomizerFactory$DuplicateJsonObjectContextCustomizer@5adb0db3, org.springframework.boot.test.mock.mockito.MockitoContextCustomizer@0, org.springframework.boot.test.web.client.TestRestTemplateContextCustomizer@4612b856, org.springframework.boot.test.context.SpringBootTestArgs@1, org.springframework.boot.test.context.SpringBootTestWebEnvironment@22ef9844], resourceBasePath = 'src/main/webapp', contextLoader = 'org.springframework.boot.test.context.SpringBootContextLoader', parent = [null]], attributes = map['org.springframework.test.context.web.ServletTestExecutionListener.activateListener' -> true]], class annotated with @DirtiesContext [false] with mode [null].

  .   ____          _            __ _ _
 /\\ / ___'_ __ _ _(_)_ __  __ _ \ \ \ \
( ( )\___ | '_ | '_| | '_ \/ _` | \ \ \ \
 \\/  ___)| |_)| | | | | || (_| |  ) ) ) )
  '  |____| .__|_| |_|_| |_\__, | / / / /
 =========|_|==============|___/=/_/_/_/
 :: Spring Boot ::                (v2.6.4)

2024-01-05 20:55:15.641  INFO 42060 --- [    Test worker] c.p.Judge_It.JudgeItApplicationTests     : Starting JudgeItApplicationTests using Java 17.0.7 on Livieris_BEAST with PID 42060 (started by rolle in C:\Users\rolle\Documents\Judge_It)
2024-01-05 20:55:15.642  INFO 42060 --- [    Test worker] c.p.Judge_It.JudgeItApplicationTests     : No active profile set, falling back to 1 default profile: "default"
2024-01-05 20:55:16.164  INFO 42060 --- [    Test worker] .s.d.r.c.RepositoryConfigurationDelegate : Bootstrapping Spring Data JPA repositories in DEFAULT mode.
2024-01-05 20:55:16.204  INFO 42060 --- [    Test worker] .s.d.r.c.RepositoryConfigurationDelegate : Finished Spring Data repository scanning in 32 ms. Found 1 JPA repository interfaces.
2024-01-05 20:55:16.709  INFO 42060 --- [    Test worker] com.zaxxer.hikari.HikariDataSource       : HikariPool-1 - Starting...
2024-01-05 20:55:16.879  INFO 42060 --- [    Test worker] com.zaxxer.hikari.HikariDataSource       : HikariPool-1 - Start completed.
2024-01-05 20:55:16.946  INFO 42060 --- [    Test worker] o.hibernate.jpa.internal.util.LogHelper  : HHH000204: Processing PersistenceUnitInfo [name: default]
2024-01-05 20:55:16.992  INFO 42060 --- [    Test worker] org.hibernate.Version                    : HHH000412: Hibernate ORM core version 5.6.5.Final
2024-01-05 20:55:17.158  INFO 42060 --- [    Test worker] o.hibernate.annotations.common.Version   : HCANN000001: Hibernate Commons Annotations {5.1.2.Final}
2024-01-05 20:55:17.307  INFO 42060 --- [    Test worker] org.hibernate.dialect.Dialect            : HHH000400: Using dialect: org.hibernate.dialect.H2Dialect
2024-01-05 20:55:17.730  INFO 42060 --- [    Test worker] o.h.e.t.j.p.i.JtaPlatformInitiator       : HHH000490: Using JtaPlatform implementation: [org.hibernate.engine.transaction.jta.platform.internal.NoJtaPlatform]
2024-01-05 20:55:17.738  INFO 42060 --- [    Test worker] j.LocalContainerEntityManagerFactoryBean : Initialized JPA EntityManagerFactory for persistence unit 'default'
2024-01-05 20:55:18.187  WARN 42060 --- [    Test worker] JpaBaseConfiguration$JpaWebConfiguration : spring.jpa.open-in-view is enabled by default. Therefore, database queries may be performed during view rendering. Explicitly configure spring.jpa.open-in-view to disable this warning
2024-01-05 20:55:18.399  INFO 42060 --- [    Test worker] o.s.s.web.DefaultSecurityFilterChain     : Will not secure any request
2024-01-05 20:55:19.068  INFO 42060 --- [    Test worker] c.p.Judge_It.JudgeItApplicationTests     : Started JudgeItApplicationTests in 3.628 seconds (JVM running for 4.593)
]]></system-out>
  <system-err><![CDATA[]]></system-err>
</testsuite>
